<?xml version="1.0" encoding="UTF-8"?>
<!-- Generated by org.testng.reporters.JUnitXMLReporter -->
<testsuite ignored="0" hostname="DESKTOP-E3FNQHB" failures="0" tests="1" name="Test" time="0.055" errors="0" timestamp="2022-11-25T19:10:04 IST">
  <testcase classname="Common_Package.BaseClass" name="@BeforeTest Setup" time="-1.669383604668E9">
    <failure type="org.testng.TestNGException" message="
Can inject only one of &amp;lt;ITestContext, XmlTest&amp;gt; into a @BeforeTest annotated Setup.
For more information on native dependency injection please refer to https://testng.org/doc/documentation-main.html#native-dependency-injection">
      <![CDATA[org.testng.TestNGException: 
Can inject only one of <ITestContext, XmlTest> into a @BeforeTest annotated Setup.
For more information on native dependency injection please refer to https://testng.org/doc/documentation-main.html#native-dependency-injection
... Removed 21 stack frames]]>
    </failure>
  </testcase> <!-- @BeforeTest Setup -->
  <testcase classname="Common_Package.BaseClass" name="@AfterTest Tear_down" time="0.0">
    <skipped/>
  </testcase> <!-- @AfterTest Tear_down -->
  <testcase classname="Run_Test_Model.all_test_one_class" name="add_remove" time="0.0">
    <skipped/>
  </testcase> <!-- add_remove -->
</testsuite> <!-- Test -->
