<?xml version="1.0" encoding="UTF-8"?>
<testng-results ignored="0" total="1" passed="1" failed="0" skipped="0">
  <reporter-output>
  </reporter-output>
  <suite started-at="2022-12-06T12:56:16 IST" name="Default suite" finished-at="2022-12-06T12:56:24 IST" duration-ms="7940">
    <groups>
    </groups>
    <test started-at="2022-12-06T12:56:16 IST" name="Default test" finished-at="2022-12-06T12:56:24 IST" duration-ms="7940">
      <class name="Run_Test_Model.all_test_one_class">
        <test-method is-config="true" signature="Setup()[pri:0, instance:Run_Test_Model.all_test_one_class@4c402120]" started-at="2022-12-06T12:56:16 IST" name="Setup" finished-at="2022-12-06T12:56:20 IST" duration-ms="4137" status="PASS">
          <reporter-output>
          </reporter-output>
        </test-method> <!-- Setup -->
        <test-method signature="add_remove()[pri:0, instance:Run_Test_Model.all_test_one_class@4c402120]" started-at="2022-12-06T12:56:21 IST" name="add_remove" finished-at="2022-12-06T12:56:21 IST" duration-ms="622" status="PASS">
          <reporter-output>
          </reporter-output>
        </test-method> <!-- add_remove -->
        <test-method is-config="true" signature="Tear_down()[pri:0, instance:Run_Test_Model.all_test_one_class@4c402120]" started-at="2022-12-06T12:56:21 IST" name="Tear_down" finished-at="2022-12-06T12:56:24 IST" duration-ms="3144" status="PASS">
          <reporter-output>
          </reporter-output>
        </test-method> <!-- Tear_down -->
      </class> <!-- Run_Test_Model.all_test_one_class -->
    </test> <!-- Default test -->
  </suite> <!-- Default suite -->
</testng-results>
